<?xml version="1.0" encoding="UTF-8"?>
<testng-results skipped="0" failed="0" ignored="0" total="0" passed="0">
  <reporter-output>
  </reporter-output>
  <suite name="DocterController.DocterControllerTest" duration-ms="63" started-at="2021-06-02T02:33:58Z" finished-at="2021-06-02T02:33:58Z">
    <groups>
    </groups>
    <test name="Command line test" duration-ms="63" started-at="2021-06-02T02:33:58Z" finished-at="2021-06-02T02:33:58Z">
    </test> <!-- Command line test -->
  </suite> <!-- DocterController.DocterControllerTest -->
</testng-results>
